<?xml version="1.0" encoding="UTF-8"?>
<!-- Generated by org.testng.reporters.JUnitReportReporter -->
<testsuite hostname="DESKTOP-8IL510P" failures="0" tests="2" name="zTryHere.LaunchFirefox" time="8.802" errors="0" timestamp="2022-09-23T15:04:38 IST" skipped="0">
  <testcase classname="zTryHere.LaunchFirefox" name="lauchEdge" time="4.780"/>
  <system-out/>
  <testcase classname="zTryHere.LaunchFirefox" name="lauchFirefox" time="4.022"/>
  <system-out/>
</testsuite> <!-- zTryHere.LaunchFirefox -->
