<?xml version="1.0" encoding="UTF-8"?>
<!-- Generated by org.testng.reporters.JUnitReportReporter -->
<testsuite hostname="DESKTOP-8IL510P" failures="0" tests="3" name="enableDisableTestCase.DisableTestCaseFromExecution" time="0.002" errors="0" timestamp="2022-09-23T01:20:49 IST" skipped="1">
  <testcase classname="enableDisableTestCase.DisableTestCaseFromExecution" name="testCase3" time="0.001"/>
  <system-out/>
  <testcase classname="enableDisableTestCase.DisableTestCaseFromExecution" name="testCase1" time="0.001"/>
  <system-out/>
  <testcase classname="enableDisableTestCase.DisableTestCaseFromExecution" name="testCase2">
    <skipped/>
  </testcase> <!-- testCase2 -->
  <system-out/>
</testsuite> <!-- enableDisableTestCase.DisableTestCaseFromExecution -->
