<?xml version="1.0" encoding="UTF-8"?>
<!-- Generated by org.testng.reporters.JUnitReportReporter -->
<testsuite hostname="DESKTOP-8IL510P" failures="0" tests="5" name="parallelExecution.ParallelExecution" time="0.099" errors="0" timestamp="2022-09-23T02:54:20 IST" skipped="0">
  <testcase classname="parallelExecution.ParallelExecution" name="verifyUrlOfPage" time="0.007"/>
  <system-out/>
  <testcase classname="parallelExecution.ParallelExecution" name="verifyPageTitle" time="0.005"/>
  <system-out/>
  <testcase classname="parallelExecution.ParallelExecution" name="checkTopIcon_TopOffers" time="0.034"/>
  <system-out/>
  <testcase classname="parallelExecution.ParallelExecution" name="checkTopIcon_Mobiles" time="0.029"/>
  <system-out/>
  <testcase classname="parallelExecution.ParallelExecution" name="checkTopIcon_Electronics" time="0.024"/>
  <system-out/>
</testsuite> <!-- parallelExecution.ParallelExecution -->
