<?xml version="1.0" encoding="UTF-8"?>
<!-- Generated by org.testng.reporters.JUnitReportReporter -->
<testsuite hostname="DESKTOP-8IL510P" failures="0" tests="1" name="testNGAnnotationSequence.AnnotationSequence" time="0.003" errors="0" timestamp="2022-09-21T02:43:36 IST" skipped="0">
  <testcase classname="testNGAnnotationSequence.AnnotationSequence" name="testCase" time="0.003"/>
  <system-out/>
</testsuite> <!-- testNGAnnotationSequence.AnnotationSequence -->
