<?xml version="1.0" encoding="UTF-8"?>
<!-- Generated by org.testng.reporters.JUnitReportReporter -->
<testsuite hostname="DESKTOP-8IL510P" failures="0" tests="3" name="sequenceOfTestCases.Priority" time="0.006" errors="0" timestamp="2022-09-21T02:43:36 IST" skipped="0">
  <testcase classname="sequenceOfTestCases.Priority" name="atestCase2" time="0.004"/>
  <system-out/>
  <testcase classname="sequenceOfTestCases.Priority" name="testCase3" time="0.001"/>
  <system-out/>
  <testcase classname="sequenceOfTestCases.Priority" name="testCase1" time="0.001"/>
  <system-out/>
</testsuite> <!-- sequenceOfTestCases.Priority -->
