<?xml version="1.0" encoding="UTF-8"?>
<!-- Generated by org.testng.reporters.JUnitReportReporter -->
<testsuite hostname="DESKTOP-8IL510P" failures="0" tests="3" name="reporter.ReporterLog" time="0.008" errors="0" timestamp="2022-09-23T02:54:20 IST" skipped="0">
  <testcase classname="reporter.ReporterLog" name="checkReporterLog" time="0.006"/>
  <system-out>
    <![CDATA[Reporter log with true
Reporter log with false]]>
  </system-out>
  <testcase classname="reporter.ReporterLog" name="testCase3" time="0.001"/>
  <system-out/>
  <testcase classname="reporter.ReporterLog" name="testCase1" time="0.001"/>
  <system-out/>
</testsuite> <!-- reporter.ReporterLog -->
