<?xml version="1.0" encoding="UTF-8"?>
<!-- Generated by org.testng.reporters.JUnitReportReporter -->
<testsuite hostname="DESKTOP-8IL510P" failures="0" tests="12" name="invocationCount.InvocationCountToRepeatTestCase" time="0.010" errors="0" timestamp="2022-09-21T02:43:36 IST" skipped="0">
  <testcase classname="invocationCount.InvocationCountToRepeatTestCase" name="testCase2" time="0.001"/>
  <system-out/>
  <testcase classname="invocationCount.InvocationCountToRepeatTestCase" name="testCase3" time="0.000"/>
  <system-out>
    <![CDATA[Satyajit]]>
  </system-out>
  <testcase classname="invocationCount.InvocationCountToRepeatTestCase" name="testCase3" time="0.001"/>
  <system-out>
    <![CDATA[Satyajit]]>
  </system-out>
  <testcase classname="invocationCount.InvocationCountToRepeatTestCase" name="testCase3" time="0.000"/>
  <system-out>
    <![CDATA[Satyajit]]>
  </system-out>
  <testcase classname="invocationCount.InvocationCountToRepeatTestCase" name="testCase3" time="0.001"/>
  <system-out>
    <![CDATA[Satyajit]]>
  </system-out>
  <testcase classname="invocationCount.InvocationCountToRepeatTestCase" name="testCase3" time="0.001"/>
  <system-out>
    <![CDATA[Satyajit]]>
  </system-out>
  <testcase classname="invocationCount.InvocationCountToRepeatTestCase" name="testCase3" time="0.001"/>
  <system-out>
    <![CDATA[Satyajit]]>
  </system-out>
  <testcase classname="invocationCount.InvocationCountToRepeatTestCase" name="testCase3" time="0.001"/>
  <system-out>
    <![CDATA[Satyajit]]>
  </system-out>
  <testcase classname="invocationCount.InvocationCountToRepeatTestCase" name="testCase3" time="0.000"/>
  <system-out>
    <![CDATA[Satyajit]]>
  </system-out>
  <testcase classname="invocationCount.InvocationCountToRepeatTestCase" name="testCase3" time="0.001"/>
  <system-out>
    <![CDATA[Satyajit]]>
  </system-out>
  <testcase classname="invocationCount.InvocationCountToRepeatTestCase" name="testCase3" time="0.003"/>
  <system-out>
    <![CDATA[Satyajit]]>
  </system-out>
  <testcase classname="invocationCount.InvocationCountToRepeatTestCase" name="testCase1" time="0.000"/>
  <system-out/>
</testsuite> <!-- invocationCount.InvocationCountToRepeatTestCase -->
