<?xml version="1.0" encoding="UTF-8"?>
<!-- Generated by org.testng.reporters.JUnitReportReporter -->
<testsuite hostname="DESKTOP-8IL510P" failures="0" tests="1" name="includeExclude.IncludeExclude" time="0.039" errors="0" timestamp="2022-09-23T01:20:49 IST" skipped="0">
  <testcase classname="includeExclude.IncludeExclude" name="checkTopIcon_Mobiles" time="0.039"/>
  <system-out/>
</testsuite> <!-- includeExclude.IncludeExclude -->
